Handling lib "rpc-uart"...
Handling lib "zz_boards"...
Handling lib "mjs"...
HaSuccess, built final-Copy-2mod/esp32 version 1.0 (20190702-075715).
Firmware saved to C:\mos\final-Copy-2mod\build\fw.zip
-service-config"...
mqtt: Checking out 2.14.0...
rpc-service-config: Checking out 2.14.0...
rpc-service-fs: Checking out 2.14.0...
rpc-uart: Checking out 2.14.0...
ca-bundle: Checking out 2.14.0...
mjs: Checking out 2.14.0...
zz_boards: Checking out 2.14.0...
core: Checking out 2.14.0...
ca-bundle: Done, hash d5a470b260e3485660ffed6b5b1c7c961bd2b88c
ca-bundle: Hash unchanged at d5a470b260e3485660ffed6b5b1c7c961bd2b88c (dir "/data/fwbuild-volumes/2.14.0/apps/final-Copy-2mod/esp32/build_contexts/build_ctx_779529064/deps/ca-bundle")
ca-bundle: Prepared local dir: "/data/fwbuild-volumes/2.14.0/apps/final-Copy-2mod/esp32/build_contexts/build_ctx_779529064/deps/ca-bundle"
mqtt: Done, hash 00f4391324a2a7e6b57e8d3bb55b20b844895d60
mqtt: Hash unchanged at 00f4391324a2a7e6b57e8d3bb55b20b844895d60 (dir "/data/fwbuild-volumes/2.14.0/apps/final-Copy-2mod/esp32/build_contexts/build_ctx_779529064/deps/mqtt")
mqtt: Prepared local dir: "/data/fwbuild-volumes/2.14.0/apps/final-Copy-2mod/esp32/build_contexts/build_ctx_779529064/deps/mqtt"
rpc-service-config: Done, hash b30e187977d8dafcb4297cff60e036855a7ff531
mjs: Done, hash 63b401295ff3988e8367ddff6e513338bc9876c2
rpc-service-config: Hash unchanged at b30e187977d8dafcb4297cff60e036855a7ff531 (dir "/data/fwbuild-volumes/2.14.0/apps/final-Copy-2mod/esp32/build_contexts/build_ctx_779529064/deps/rpc-service-config")
rpc-service-config: Prepared local dir: "/data/fwbuild-volumes/2.14.0/apps/final-Copy-2mod/esp32/build_contexts/build_ctx_779529064/deps/rpc-service-config"
mjs: Hash unchanged at 63b401295ff3988e8367ddff6e513338bc9876c2 (dir "/data/fwbuild-volumes/2.14.0/apps/final-Copy-2mod/esp32/build_contexts/build_ctx_779529064/deps/mjs")
mjs: Prepared local dir: "/data/fwbuild-volumes/2.14.0/apps/final-Copy-2mod/esp32/build_contexts/build_ctx_779529064/deps/mjs"
zz_boards: Done, hash 897a76f9b7306751dea4596f38df4486548ae2da
zz_boards: Hash unchanged at 897a76f9b7306751dea4596f38df4486548ae2da (dir "/data/fwbuild-volumes/2.14.0/apps/final-Copy-2mod/esp32/build_contexts/build_ctx_779529064/deps/boards")
zz_boards: Prepared local dir: "/data/fwbuild-volumes/2.14.0/apps/final-Copy-2mod/esp32/build_contexts/build_ctx_779529064/deps/boards"
rpc-service-fs: Done, hash 5f252c2fa5ba989c09f734a4c407bcfef3699e38
rpc-uart: Done, hash 4c68e5d7b3eecb19ccc6128f111a118384ed20b4
core: Done, hash 90f56f1e361c7d25ef8c2e3b9a83ef0369760f2e
rpc-service-fs: Hash unchanged at 5f252c2fa5ba989c09f734a4c407bcfef3699e38 (dir "/data/fwbuild-volumes/2.14.0/apps/final-Copy-2mod/esp32/build_contexts/build_ctx_779529064/deps/rpc-service-fs")
rpc-service-fs: Prepared local dir: "/data/fwbuild-volumes/2.14.0/apps/final-Copy-2mod/esp32/build_contexts/build_ctx_779529064/deps/rpc-service-fs"
rpc-uart: Hash unchanged at 4c68e5d7b3eecb19ccc6128f111a118384ed20b4 (dir "/data/fwbuild-volumes/2.14.0/apps/final-Copy-2mod/esp32/build_contexts/build_ctx_779529064/deps/rpc-uart")
rpc-uart: Prepared local dir: "/data/fwbuild-volumes/2.14.0/apps/final-Copy-2mod/esp32/build_contexts/build_ctx_779529064/deps/rpc-uart"
core: Hash unchanged at 90f56f1e361c7d25ef8c2e3b9a83ef0369760f2e (dir "/data/fwbuild-volumes/2.14.0/apps/final-Copy-2mod/esp32/build_contexts/build_ctx_779529064/deps/core")
core: Prepared local dir: "/data/fwbuild-volumes/2.14.0/apps/final-Copy-2mod/esp32/build_contexts/build_ctx_779529064/deps/core"
Handling lib "rpc-common"...
rpc-common: Checking out 2.14.0...
rpc-common: Done, hash 144bb0c1913d115526016ded17e84036a44ea4ba
rpc-common: Hash unchanged at 144bb0c1913d115526016ded17e84036a44ea4ba (dir "/data/fwbuild-volumes/2.14.0/apps/final-Copy-2mod/esp32/build_contexts/build_ctx_779529064/deps/rpc-common")
rpc-common: Prepared local dir: "/data/fwbuild-volumes/2.14.0/apps/final-Copy-2mod/esp32/build_contexts/build_ctx_779529064/deps/rpc-common"
Handling lib "mongoose"...
mongoose: Checking out 2.14.0...
mongoose: Done, hash 5d2c8fd28e20d7041a1540c3022b721fdde97de4
mongoose: Hash unchanged at 5d2c8fd28e20d7041a1540c3022b721fdde97de4 (dir "/data/fwbuild-volumes/2.14.0/apps/final-Copy-2mod/esp32/build_contexts/build_ctx_779529064/deps/mongoose")
mongoose: Prepared local dir: "/data/fwbuild-volumes/2.14.0/apps/final-Copy-2mod/esp32/build_contexts/build_ctx_779529064/deps/mongoose"
Handling lib "mbedtls"...
Handling lib "vfs-common"...
vfs-common: Checking out 2.14.0...
vfs-common: Done, hash ae048a19d8f17f332d66fb42d1b072e8fde2b3fa
vfs-common: Hash unchanged at ae048a19d8f17f332d66fb42d1b072e8fde2b3fa (dir "/data/fwbuild-volumes/2.14.0/apps/final-Copy-2mod/esp32/build_contexts/build_ctx_779529064/deps/vfs-common")
vfs-common: Prepared local dir: "/data/fwbuild-volumes/2.14.0/apps/final-Copy-2mod/esp32/build_contexts/build_ctx_779529064/deps/vfs-common"
mbedtls: Checking out 2.14.0...
mbedtls: Done, hash a98f87ef6ef18777c95afb71b2884615d8971be6
mbedtls: Hash unchanged at a98f87ef6ef18777c95afb71b2884615d8971be6 (dir "/data/fwbuild-volumes/2.14.0/apps/final-Copy-2mod/esp32/build_contexts/build_ctx_779529064/deps/mbedtls")
mbedtls: Prepared local dir: "/data/fwbuild-volumes/2.14.0/apps/final-Copy-2mod/esp32/build_contexts/build_ctx_779529064/deps/mbedtls"
Handling lib "atca"...
atca: Checking out 2.14.0...
atca: Done, hash f27a1b85d87e373f8c10aadd7227af020d997aef
atca: Hash unchanged at f27a1b85d87e373f8c10aadd7227af020d997aef (dir "/data/fwbuild-volumes/2.14.0/apps/final-Copy-2mod/esp32/build_contexts/build_ctx_779529064/deps/atca")
atca: Prepared local dir: "/data/fwbuild-volumes/2.14.0/apps/final-Copy-2mod/esp32/build_contexts/build_ctx_779529064/deps/atca"
Handling lib "i2c"...
i2c: Checking out 2.14.0...
i2c: Done, hash a020b0e8be3a2d89e5392e57874d9e650369b4c7
i2c: Hash unchanged at a020b0e8be3a2d89e5392e57874d9e650369b4c7 (dir "/data/fwbuild-volumes/2.14.0/apps/final-Copy-2mod/esp32/build_contexts/build_ctx_779529064/deps/i2c")
i2c: Prepared local dir: "/data/fwbuild-volumes/2.14.0/apps/final-Copy-2mod/esp32/build_contexts/build_ctx_779529064/deps/i2c"
Handling lib "freertos"...
Handling lib "vfs-fs-lfs"...
Handling lib "vfs-fs-spiffs"...
vfs-fs-spiffs: Checking out 2.14.0...
vfs-fs-lfs: Checking out 2.14.0...
freertos: Checking out 2.14.0...
vfs-fs-spiffs: Done, hash 6fef5f74fc5f8e07b6324759066c0e9d06653693
vfs-fs-lfs: Done, hash 7dc9f22289f25ed540df77fb7baa44bed6321cff
vfs-fs-spiffs: Hash unchanged at 6fef5f74fc5f8e07b6324759066c0e9d06653693 (dir "/data/fwbuild-volumes/2.14.0/apps/final-Copy-2mod/esp32/build_contexts/build_ctx_779529064/deps/vfs-fs-spiffs")
vfs-fs-spiffs: Prepared local dir: "/data/fwbuild-volumes/2.14.0/apps/final-Copy-2mod/esp32/build_contexts/build_ctx_779529064/deps/vfs-fs-spiffs"
vfs-fs-lfs: Hash unchanged at 7dc9f22289f25ed540df77fb7baa44bed6321cff (dir "/data/fwbuild-volumes/2.14.0/apps/final-Copy-2mod/esp32/build_contexts/build_ctx_779529064/deps/vfs-fs-lfs")
vfs-fs-lfs: Prepared local dir: "/data/fwbuild-volumes/2.14.0/apps/final-Copy-2mod/esp32/build_contexts/build_ctx_779529064/deps/vfs-fs-lfs"
freertos: Done, hash b8ed791ec9e61a5784f3ae78829b2ef2d1aca638
freertos: Hash unchanged at b8ed791ec9e61a5784f3ae78829b2ef2d1aca638 (dir "/data/fwbuild-volumes/2.14.0/apps/final-Copy-2mod/esp32/build_contexts/build_ctx_779529064/deps/freertos")
freertos: Prepared local dir: "/data/fwbuild-volumes/2.14.0/apps/final-Copy-2mod/esp32/build_contexts/build_ctx_779529064/deps/freertos"
Handling lib "wifi"...
wifi: Checking out 2.14.0...
wifi: Done, hash 328e3d98c1c81163ecbda6cab18e53f1430b4f4e
wifi: Hash unchanged at 328e3d98c1c81163ecbda6cab18e53f1430b4f4e (dir "/data/fwbuild-volumes/2.14.0/apps/final-Copy-2mod/esp32/build_contexts/build_ctx_779529064/deps/wifi")
wifi: Prepared local dir: "/data/fwbuild-volumes/2.14.0/apps/final-Copy-2mod/esp32/build_contexts/build_ctx_779529064/deps/wifi"
The flag --module is not given for the module "mjs_module", going to use the repository
mjs_module: Checking out 2.14.0...
mjs_module: Done, hash 6334bd6b46fe1cf84ca3bedc763107b549f174d0
The flag --repo is not given, going to use mongoose-os repository
mongoose-os: Checking out 2.14.0...
mongoose-os: Done, hash ce86552794fa9c7de45fd4d4897757ca893221fb
Prebuilt binary for "mbedtls" already exists at "/data/fwbuild-volumes/2.14.0/apps/final-Copy-2mod/esp32/build_contexts/build_ctx_779529064/build/objs/libmbedtls-esp32-2.14.0.a"
Prebuilt binary for "mongoose" already exists at "/data/fwbuild-volumes/2.14.0/apps/final-Copy-2mod/esp32/build_contexts/build_ctx_779529064/build/objs/libmongoose-esp32-2.14.0.a"
Sources: [/data/fwbuild-volumes/2.14.0/apps/final-Copy-2mod/esp32/build_contexts/build_ctx_779529064/src/main.c /data/fwbuild-volumes/2.14.0/apps/final-Copy-2mod/esp32/build_contexts/build_ctx_779529064/build/gen/mgos_deps_init.c /data/fwbuild-volumes/2.14.0/apps/final-Copy-2mod/esp32/build_contexts/build_ctx_779529064/deps/freertos/src/mgos_freertos.c /data/fwbuild-volumes/2.14.0/apps/final-Copy-2mod/esp32/build_contexts/build_ctx_779529064/deps/freertos/src/mgos_freertos_core_dump.c /data/fwbuild-volumes/2.14.0/apps/final-Copy-2mod/esp32/build_contexts/build_ctx_779529064/deps/i2c/src/mgos_i2c_master.c /data/fwbuild-volumes/2.14.0/apps/final-Copy-2mod/esp32/build_contexts/build_ctx_779529064/deps/i2c/src/esp32/esp32_i2c_master.c /data/fwbuild-volumes/2.14.0/apps/final-Copy-2mod/esp32/build_contexts/build_ctx_779529064/deps/atca/src/mgos_atca.c /data/fwbuild-volumes/2.14.0/apps/final-Copy-2mod/esp32/build_contexts/build_ctx_779529064/deps/atca/cryptoauthlib/lib/atca_cfgs.c /data/fwbuild-volumes/2.14.0/apps/final-Copy-2mod/esp32/build_contexts/build_ctx_779529064/deps/atca/cryptoauthlib/lib/atca_command.c /data/fwbuild-volumes/2.14.0/apps/final-Copy-2mod/esp32/build_contexts/build_ctx_779529064/deps/atca/cryptoauthlib/lib/atca_device.c /data/fwbuild-volumes/2.14.0/apps/final-Copy-2mod/esp32/build_contexts/build_ctx_779529064/deps/atca/cryptoauthlib/lib/atca_iface.c /data/fwbuild-volumes/2.14.0/apps/final-Copy-2mod/esp32/build_contexts/build_ctx_779529064/deps/atca/cryptoauthlib/lib/basic/atca_basic.c /data/fwbuild-volumes/2.14.0/apps/final-Copy-2mod/esp32/build_contexts/build_ctx_779529064/deps/atca/cryptoauthlib/lib/basic/atca_helpers.c /data/fwbuild-volumes/2.14.0/apps/final-Copy-2mod/esp32/build_contexts/build_ctx_779529064/deps/atca/cryptoauthlib/lib/host/atca_host.c /data/fwbuild-volumes/2.14.0/apps/final-Copy-2mod/esp32/build_contexts/build_ctx_779529064/deps/vfs-common/src/mgos_vfs.c /data/fwbuild-volumes/2.14.0/apps/final-Copy-2mod/esp32/build_contexts/build_ctx_779529064/deps/vfs-common/src/mgos_vfs_dev.c /data/fwbuild-volumes/2.14.0/apps/final-Copy-2mod/esp32/build_contexts/build_ctx_779529064/deps/vfs-common/src/mgos_vfs_internal.c /data/fwbuild-volumes/2.14.0/apps/final-Copy-2mod/esp32/build_contexts/build_ctx_779529064/deps/vfs-common/src/esp32/esp32_fs.c /data/fwbuild-volumes/2.14.0/apps/final-Copy-2mod/esp32/build_contexts/build_ctx_779529064/deps/vfs-common/src/esp32/esp32_fs_crypt.c /data/fwbuild-volumes/2.14.0/apps/final-Copy-2mod/esp32/build_contexts/build_ctx_779529064/deps/vfs-common/src/esp32/esp32_vfs_dev_partition.c /data/fwbuild-volumes/2.14.0/apps/final-Copy-2mod/esp32/build_contexts/build_ctx_779529064/deps/vfs-fs-lfs/src/mgos_vfs_lfs.c /data/fwbuild-volumes/2.14.0/apps/final-Copy-2mod/esp32/build_contexts/build_ctx_779529064/deps/vfs-fs-lfs/littlefs/lfs.c /data/fwbuild-volumes/2.14.0/apps/final-Copy-2mod/esp32/build_contexts/build_ctx_779529064/deps/vfs-fs-lfs/littlefs/lfs_util.c /data/fwbuild-volumes/2.14.0/apps/final-Copy-2mod/esp32/build_contexts/build_ctx_779529064/deps/vfs-fs-lfs/littlefs1/lfs1.c /data/fwbuild-volumes/2.14.0/apps/final-Copy-2mod/esp32/build_contexts/build_ctx_779529064/deps/vfs-fs-lfs/littlefs1/lfs1_util.c /data/fwbuild-volumes/2.14.0/apps/final-Copy-2mod/esp32/build_contexts/build_ctx_779529064/deps/vfs-fs-spiffs/src/mgos_vfs_fs_spiffs.c /data/fwbuild-volumes/2.14.0/apps/final-Copy-2mod/esp32/build_contexts/build_ctx_779529064/deps/vfs-fs-spiffs/src/spiffs/spiffs_cache.c /data/fwbuild-volumes/2.14.0/apps/final-Copy-2mod/esp32/build_contexts/build_ctx_779529064/deps/vfs-fs-spiffs/src/spiffs/spiffs_check.c /data/fwbuild-volumes/2.14.0/apps/final-Copy-2mod/esp32/build_contexts/build_ctx_779529064/deps/vfs-fs-spiffs/src/spiffs/spiffs_gc.c /data/fwbuild-volumes/2.14.0/apps/final-Copy-2mod/esp32/build_contexts/build_ctx_779529064/deps/vfs-fs-spiffs/src/spiffs/spiffs_hydrogen.c /data/fwbuild-volumes/2.14.0/apps/final-Copy-2mod/esp32/build_contexts/build_ctx_779529064/deps/vfs-fs-spiffs/src/spiffs/spiffs_nucleus.c /data/fwbuild-volumes/2.14.0/apps/final-Copy-2mod/esp32/build_contexts/build_ctx_779529064/deps/core/src/mgos_core.c /data/fwbuild-volumes/2.14.0/apps/final-Copy-2mod/esp32/build_contexts/build_ctx_779529064/deps/mjs/src/mos_mjs.c /data/fwbuild-volumes/2.14.0/apps/final-Copy-2mod/esp32/build_contexts/build_ctx_779529064/deps/modules/mjs/mjs.c /data/fwbuild-volumes/2.14.0/apps/final-Copy-2mod/esp32/build_contexts/build_ctx_779529064/deps/mjs/esp32/src/esp32_mjs.c /data/fwbuild-volumes/2.14.0/apps/final-Copy-2mod/esp32/build_contexts/build_ctx_779529064/deps/mqtt/src/mgos_mqtt.c /data/fwbuild-volumes/2.14.0/apps/final-Copy-2mod/esp32/build_contexts/build_ctx_779529064/deps/rpc-common/src/mg_rpc.c /data/fwbuild-volumes/2.14.0/apps/final-Copy-2mod/esp32/build_contexts/build_ctx_779529064/deps/rpc-common/src/mg_rpc_channel.c /data/fwbuild-volumes/2.14.0/apps/final-Copy-2mod/esp32/build_contexts/build_ctx_779529064/deps/rpc-common/src/mg_rpc_channel_http.c /data/fwbuild-volumes/2.14.0/apps/final-Copy-2mod/esp32/build_contexts/build_ctx_779529064/deps/rpc-common/src/mgos_rpc.c /data/fwbuild-volumes/2.14.0/apps/final-Copy-2mod/esp32/build_contexts/build_ctx_779529064/deps/rpc-service-config/src/mgos_service_config.c /data/fwbuild-volumes/2.14.0/apps/final-Copy-2mod/esp32/build_contexts/build_ctx_779529064/deps/rpc-service-fs/src/mgos_service_filesystem.c /data/fwbuild-volumes/2.14.0/apps/final-Copy-2mod/esp32/build_contexts/build_ctx_779529064/deps/rpc-uart/src/mgos_rpc_channel_uart.c /data/fwbuild-volumes/2.14.0/apps/final-Copy-2mod/esp32/build_contexts/build_ctx_779529064/deps/wifi/src/mgos_wifi.c /data/fwbuild-volumes/2.14.0/apps/final-Copy-2mod/esp32/build_contexts/build_ctx_779529064/deps/wifi/src/mjs_wifi.c /data/fwbuild-volumes/2.14.0/apps/final-Copy-2mod/esp32/build_contexts/build_ctx_779529064/deps/wifi/src/esp32/esp32_wifi.c]
Include dirs: [/data/fwbuild-volumes/2.14.0/apps/final-Copy-2mod/esp32/build_contexts/build_ctx_779529064/deps/freertos/include /data/fwbuild-volumes/2.14.0/apps/final-Copy-2mod/esp32/build_contexts/build_ctx_779529064/deps/freertos/include/esp32 /data/fwbuild-volumes/2.14.0/apps/final-Copy-2mod/esp32/build_contexts/build_ctx_779529064/deps/i2c/include /data/fwbuild-volumes/2.14.0/apps/final-Copy-2mod/esp32/build_contexts/build_ctx_779529064/deps/atca/include /data/fwbuild-volumes/2.14.0/apps/final-Copy-2mod/esp32/build_contexts/build_ctx_779529064/deps/atca/cryptoauthlib/lib /data/fwbuild-volumes/2.14.0/apps/final-Copy-2mod/esp32/build_contexts/build_ctx_779529064/deps/mbedtls/include /data/fwbuild-volumes/2.14.0/apps/final-Copy-2mod/esp32/build_contexts/build_ctx_779529064/deps/mbedtls/include/esp32 /data/fwbuild-volumes/2.14.0/apps/final-Copy-2mod/esp32/build_contexts/build_ctx_779529064/deps/mbedtls/mbedtls/include /data/fwbuild-volumes/2.14.0/apps/final-Copy-2mod/esp32/build_contexts/build_ctx_779529064/deps/vfs-common/include /data/fwbuild-volumes/2.14.0/apps/final-Copy-2mod/esp32/build_contexts/build_ctx_779529064/deps/vfs-common/include/esp32 /data/fwbuild-volumes/2.14.0/apps/final-Copy-2mod/esp32/build_contexts/build_ctx_779529064/deps/mongoose/include /data/fwbuild-volumes/2.14.0/apps/final-Copy-2mod/esp32/build_contexts/build_ctx_779529064/deps/vfs-fs-lfs/include /data/fwbuild-volumes/2.14.0/apps/final-Copy-2mod/esp32/build_contexts/build_ctx_779529064/deps/vfs-fs-lfs/littlefs /data/fwbuild-volumes/2.14.0/apps/final-Copy-2mod/esp32/build_contexts/build_ctx_779529064/deps/vfs-fs-lfs/littlefs1 /data/fwbuild-volumes/2.14.0/apps/final-Copy-2mod/esp32/build_contexts/build_ctx_779529064/deps/vfs-fs-spiffs/include /data/fwbuild-volumes/2.14.0/apps/final-Copy-2mod/esp32/build_contexts/build_ctx_779529064/deps/vfs-fs-spiffs/include/spiffs /data/fwbuild-volumes/2.14.0/apps/final-Copy-2mod/esp32/build_contexts/build_ctx_779529064/deps/vfs-fs-spiffs/include/esp32 /data/fwbuild-volumes/2.14.0/apps/final-Copy-2mod/esp32/build_contexts/build_ctx_779529064/deps/core/include /data/fwbuild-volumes/2.14.0/apps/final-Copy-2mod/esp32/build_contexts/build_ctx_779529064/deps/core/include/esp32 /data/fwbuild-volumes/2.14.0/apps/final-Copy-2mod/esp32/build_contexts/build_ctx_779529064/deps/mjs/include /data/fwbuild-volumes/2.14.0/apps/final-Copy-2mod/esp32/build_contexts/build_ctx_779529064/deps/mqtt/include /data/fwbuild-volumes/2.14.0/apps/final-Copy-2mod/esp32/build_contexts/build_ctx_779529064/deps/rpc-common/include /data/fwbuild-volumes/2.14.0/apps/final-Copy-2mod/esp32/build_contexts/build_ctx_779529064/deps/rpc-service-config/include /data/fwbuild-volumes/2.14.0/apps/final-Copy-2mod/esp32/build_contexts/build_ctx_779529064/deps/rpc-service-fs/include /data/fwbuild-volumes/2.14.0/apps/final-Copy-2mod/esp32/build_contexts/build_ctx_779529064/deps/rpc-uart/include /data/fwbuild-volumes/2.14.0/apps/final-Copy-2mod/esp32/build_contexts/build_ctx_779529064/deps/wifi/include /data/fwbuild-volumes/2.14.0/apps/final-Copy-2mod/esp32/build_contexts/build_ctx_779529064/deps/wifi/include/esp32]
Binary libs: [/data/fwbuild-volumes/2.14.0/apps/final-Copy-2mod/esp32/build_contexts/build_ctx_779529064/build/objs/libmbedtls-esp32-2.14.0.a /data/fwbuild-volumes/2.14.0/apps/final-Copy-2mod/esp32/build_contexts/build_ctx_779529064/build/objs/libmongoose-esp32-2.14.0.a]
Building...
mount from "/data/fwbuild-volumes/2.14.0/apps/final-Copy-2mod/esp32/build_contexts/build_ctx_779529064" to "/app"
mount from "/data/fwbuild-volumes/2.14.0/apps/final-Copy-2mod/esp32/build_contexts/build_ctx_779529064/deps/modules/mongoose-os" to "/mongoose-os"
mount from "/data/fwbuild-volumes/2.14.0/apps/final-Copy-2mod/esp32/build_contexts/build_ctx_779529064/deps/modules/mongoose-os" to "/data/fwbuild-volumes/2.14.0/apps/final-Copy-2mod/esp32/build_contexts/build_ctx_779529064/deps/modules/mongoose-os"
mount from "/data/fwbuild-volumes/2.14.0/apps/final-Copy-2mod/esp32/build_contexts/build_ctx_779529064/build" to "/data/fwbuild-volumes/2.14.0/apps/final-Copy-2mod/esp32/build_contexts/build_ctx_779529064/build"
mount from "/data/fwbuild-volumes/2.14.0/apps/final-Copy-2mod/esp32/build_contexts/build_ctx_779529064/src" to "/data/fwbuild-volumes/2.14.0/apps/final-Copy-2mod/esp32/build_contexts/build_ctx_779529064/src"
mount from "/data/fwbuild-volumes/2.14.0/apps/final-Copy-2mod/esp32/build_contexts/build_ctx_779529064/build/gen" to "/data/fwbuild-volumes/2.14.0/apps/final-Copy-2mod/esp32/build_contexts/build_ctx_779529064/build/gen"
mount from "/data/fwbuild-volumes/2.14.0/apps/final-Copy-2mod/esp32/build_contexts/build_ctx_779529064/deps/freertos/src" to "/data/fwbuild-volumes/2.14.0/apps/final-Copy-2mod/esp32/build_contexts/build_ctx_779529064/deps/freertos/src"
mount from "/data/fwbuild-volumes/2.14.0/apps/final-Copy-2mod/esp32/build_contexts/build_ctx_779529064/deps/i2c/src" to "/data/fwbuild-volumes/2.14.0/apps/final-Copy-2mod/esp32/build_contexts/build_ctx_779529064/deps/i2c/src"
mount from "/data/fwbuild-volumes/2.14.0/apps/final-Copy-2mod/esp32/build_contexts/build_ctx_779529064/deps/i2c/src/esp32" to "/data/fwbuild-volumes/2.14.0/apps/final-Copy-2mod/esp32/build_contexts/build_ctx_779529064/deps/i2c/src/esp32"
mount from "/data/fwbuild-volumes/2.14.0/apps/final-Copy-2mod/esp32/build_contexts/build_ctx_779529064/deps/atca/src" to "/data/fwbuild-volumes/2.14.0/apps/final-Copy-2mod/esp32/build_contexts/build_ctx_779529064/deps/atca/src"
mount from "/data/fwbuild-volumes/2.14.0/apps/final-Copy-2mod/esp32/build_contexts/build_ctx_779529064/deps/atca/cryptoauthlib/lib" to "/data/fwbuild-volumes/2.14.0/apps/final-Copy-2mod/esp32/build_contexts/build_ctx_779529064/deps/atca/cryptoauthlib/lib"
mount from "/data/fwbuild-volumes/2.14.0/apps/final-Copy-2mod/esp32/build_contexts/build_ctx_779529064/deps/atca/cryptoauthlib/lib/basic" to "/data/fwbuild-volumes/2.14.0/apps/final-Copy-2mod/esp32/build_contexts/build_ctx_779529064/deps/atca/cryptoauthlib/lib/basic"
mount from "/data/fwbuild-volumes/2.14.0/apps/final-Copy-2mod/esp32/build_contexts/build_ctx_779529064/deps/atca/cryptoauthlib/lib/crypto" to "/data/fwbuild-volumes/2.14.0/apps/final-Copy-2mod/esp32/build_contexts/build_ctx_779529064/deps/atca/cryptoauthlib/lib/crypto"
mount from "/data/fwbuild-volumes/2.14.0/apps/final-Copy-2mod/esp32/build_contexts/build_ctx_779529064/deps/atca/cryptoauthlib/lib/hal" to "/data/fwbuild-volumes/2.14.0/apps/final-Copy-2mod/esp32/build_contexts/build_ctx_779529064/deps/atca/cryptoauthlib/lib/hal"
mount from "/data/fwbuild-volumes/2.14.0/apps/final-Copy-2mod/esp32/build_contexts/build_ctx_779529064/deps/atca/cryptoauthlib/lib/host" to "/data/fwbuild-volumes/2.14.0/apps/final-Copy-2mod/esp32/build_contexts/build_ctx_779529064/deps/atca/cryptoauthlib/lib/host"
mount from "/data/fwbuild-volumes/2.14.0/apps/final-Copy-2mod/esp32/build_contexts/build_ctx_779529064/deps/vfs-common/src" to "/data/fwbuild-volumes/2.14.0/apps/final-Copy-2mod/esp32/build_contexts/build_ctx_779529064/deps/vfs-common/src"
mount from "/data/fwbuild-volumes/2.14.0/apps/final-Copy-2mod/esp32/build_contexts/build_ctx_779529064/deps/vfs-common/src/esp32" to "/data/fwbuild-volumes/2.14.0/apps/final-Copy-2mod/esp32/build_contexts/build_ctx_779529064/deps/vfs-common/src/esp32"
mount from "/data/fwbuild-volumes/2.14.0/apps/final-Copy-2mod/esp32/build_contexts/build_ctx_779529064/deps/vfs-fs-lfs/src" to "/data/fwbuild-volumes/2.14.0/apps/final-Copy-2mod/esp32/build_contexts/build_ctx_779529064/deps/vfs-fs-lfs/src"
mount from "/data/fwbuild-volumes/2.14.0/apps/final-Copy-2mod/esp32/build_contexts/build_ctx_779529064/deps/vfs-fs-lfs/littlefs" to "/data/fwbuild-volumes/2.14.0/apps/final-Copy-2mod/esp32/build_contexts/build_ctx_779529064/deps/vfs-fs-lfs/littlefs"
mount from "/data/fwbuild-volumes/2.14.0/apps/final-Copy-2mod/esp32/build_contexts/build_ctx_779529064/deps/vfs-fs-lfs/littlefs1" to "/data/fwbuild-volumes/2.14.0/apps/final-Copy-2mod/esp32/build_contexts/build_ctx_779529064/deps/vfs-fs-lfs/littlefs1"
mount from "/data/fwbuild-volumes/2.14.0/apps/final-Copy-2mod/esp32/build_contexts/build_ctx_779529064/deps/vfs-fs-spiffs/src" to "/data/fwbuild-volumes/2.14.0/apps/final-Copy-2mod/esp32/build_contexts/build_ctx_779529064/deps/vfs-fs-spiffs/src"
mount from "/data/fwbuild-volumes/2.14.0/apps/final-Copy-2mod/esp32/build_contexts/build_ctx_779529064/deps/vfs-fs-spiffs/src/spiffs" to "/data/fwbuild-volumes/2.14.0/apps/final-Copy-2mod/esp32/build_contexts/build_ctx_779529064/deps/vfs-fs-spiffs/src/spiffs"
mount from "/data/fwbuild-volumes/2.14.0/apps/final-Copy-2mod/esp32/build_contexts/build_ctx_779529064/deps/core/src" to "/data/fwbuild-volumes/2.14.0/apps/final-Copy-2mod/esp32/build_contexts/build_ctx_779529064/deps/core/src"
mount from "/data/fwbuild-volumes/2.14.0/apps/final-Copy-2mod/esp32/build_contexts/build_ctx_779529064/deps/mjs/src" to "/data/fwbuild-volumes/2.14.0/apps/final-Copy-2mod/esp32/build_contexts/build_ctx_779529064/deps/mjs/src"
mount from "/data/fwbuild-volumes/2.14.0/apps/final-Copy-2mod/esp32/build_contexts/build_ctx_779529064/deps/modules/mjs" to "/data/fwbuild-volumes/2.14.0/apps/final-Copy-2mod/esp32/build_contexts/build_ctx_779529064/deps/modules/mjs"
mount from "/data/fwbuild-volumes/2.14.0/apps/final-Copy-2mod/esp32/build_contexts/build_ctx_779529064/deps/mjs/esp32/src" to "/data/fwbuild-volumes/2.14.0/apps/final-Copy-2mod/esp32/build_contexts/build_ctx_779529064/deps/mjs/esp32/src"
mount from "/data/fwbuild-volumes/2.14.0/apps/final-Copy-2mod/esp32/build_contexts/build_ctx_779529064/deps/mqtt/src" to "/data/fwbuild-volumes/2.14.0/apps/final-Copy-2mod/esp32/build_contexts/build_ctx_779529064/deps/mqtt/src"
mount from "/data/fwbuild-volumes/2.14.0/apps/final-Copy-2mod/esp32/build_contexts/build_ctx_779529064/deps/rpc-common/src" to "/data/fwbuild-volumes/2.14.0/apps/final-Copy-2mod/esp32/build_contexts/build_ctx_779529064/deps/rpc-common/src"
mount from "/data/fwbuild-volumes/2.14.0/apps/final-Copy-2mod/esp32/build_contexts/build_ctx_779529064/deps/rpc-service-config/src" to "/data/fwbuild-volumes/2.14.0/apps/final-Copy-2mod/esp32/build_contexts/build_ctx_779529064/deps/rpc-service-config/src"
mount from "/data/fwbuild-volumes/2.14.0/apps/final-Copy-2mod/esp32/build_contexts/build_ctx_779529064/deps/rpc-service-fs/src" to "/data/fwbuild-volumes/2.14.0/apps/final-Copy-2mod/esp32/build_contexts/build_ctx_779529064/deps/rpc-service-fs/src"
mount from "/data/fwbuild-volumes/2.14.0/apps/final-Copy-2mod/esp32/build_contexts/build_ctx_779529064/deps/rpc-uart/src" to "/data/fwbuild-volumes/2.14.0/apps/final-Copy-2mod/esp32/build_contexts/build_ctx_779529064/deps/rpc-uart/src"
mount from "/data/fwbuild-volumes/2.14.0/apps/final-Copy-2mod/esp32/build_contexts/build_ctx_779529064/deps/wifi/src" to "/data/fwbuild-volumes/2.14.0/apps/final-Copy-2mod/esp32/build_contexts/build_ctx_779529064/deps/wifi/src"
mount from "/data/fwbuild-volumes/2.14.0/apps/final-Copy-2mod/esp32/build_contexts/build_ctx_779529064/deps/wifi/src/esp32" to "/data/fwbuild-volumes/2.14.0/apps/final-Copy-2mod/esp32/build_contexts/build_ctx_779529064/deps/wifi/src/esp32"
mount from "/data/fwbuild-volumes/2.14.0/apps/final-Copy-2mod/esp32/build_contexts/build_ctx_779529064/deps/freertos/include" to "/data/fwbuild-volumes/2.14.0/apps/final-Copy-2mod/esp32/build_contexts/build_ctx_779529064/deps/freertos/include"
mount from "/data/fwbuild-volumes/2.14.0/apps/final-Copy-2mod/esp32/build_contexts/build_ctx_779529064/deps/i2c/include" to "/data/fwbuild-volumes/2.14.0/apps/final-Copy-2mod/esp32/build_contexts/build_ctx_779529064/deps/i2c/include"
mount from "/data/fwbuild-volumes/2.14.0/apps/final-Copy-2mod/esp32/build_contexts/build_ctx_779529064/deps/atca/include" to "/data/fwbuild-volumes/2.14.0/apps/final-Copy-2mod/esp32/build_contexts/build_ctx_779529064/deps/atca/include"
mount from "/data/fwbuild-volumes/2.14.0/apps/final-Copy-2mod/esp32/build_contexts/build_ctx_779529064/deps/atca/cryptoauthlib/lib" to "/data/fwbuild-volumes/2.14.0/apps/final-Copy-2mod/esp32/build_contexts/build_ctx_779529064/deps/atca/cryptoauthlib/lib"
mount from "/data/fwbuild-volumes/2.14.0/apps/final-Copy-2mod/esp32/build_contexts/build_ctx_779529064/deps/mbedtls/include" to "/data/fwbuild-volumes/2.14.0/apps/final-Copy-2mod/esp32/build_contexts/build_ctx_779529064/deps/mbedtls/include"
mount from "/data/fwbuild-volumes/2.14.0/apps/final-Copy-2mod/esp32/build_contexts/build_ctx_779529064/deps/mbedtls/include/esp32" to "/data/fwbuild-volumes/2.14.0/apps/final-Copy-2mod/esp32/build_contexts/build_ctx_779529064/deps/mbedtls/include/esp32"
mount from "/data/fwbuild-volumes/2.14.0/apps/final-Copy-2mod/esp32/build_contexts/build_ctx_779529064/deps/mbedtls/mbedtls/include" to "/data/fwbuild-volumes/2.14.0/apps/final-Copy-2mod/esp32/build_contexts/build_ctx_779529064/deps/mbedtls/mbedtls/include"
mount from "/data/fwbuild-volumes/2.14.0/apps/final-Copy-2mod/esp32/build_contexts/build_ctx_779529064/deps/vfs-common/include" to "/data/fwbuild-volumes/2.14.0/apps/final-Copy-2mod/esp32/build_contexts/build_ctx_779529064/deps/vfs-common/include"
mount from "/data/fwbuild-volumes/2.14.0/apps/final-Copy-2mod/esp32/build_contexts/build_ctx_779529064/deps/vfs-common/include/esp32" to "/data/fwbuild-volumes/2.14.0/apps/final-Copy-2mod/esp32/build_contexts/build_ctx_779529064/deps/vfs-common/include/esp32"
mount from "/data/fwbuild-volumes/2.14.0/apps/final-Copy-2mod/esp32/build_contexts/build_ctx_779529064/deps/mongoose/include" to "/data/fwbuild-volumes/2.14.0/apps/final-Copy-2mod/esp32/build_contexts/build_ctx_779529064/deps/mongoose/include"
mount from "/data/fwbuild-volumes/2.14.0/apps/final-Copy-2mod/esp32/build_contexts/build_ctx_779529064/deps/vfs-fs-lfs/include" to "/data/fwbuild-volumes/2.14.0/apps/final-Copy-2mod/esp32/build_contexts/build_ctx_779529064/deps/vfs-fs-lfs/include"
mount from "/data/fwbuild-volumes/2.14.0/apps/final-Copy-2mod/esp32/build_contexts/build_ctx_779529064/deps/vfs-fs-lfs/littlefs" to "/data/fwbuild-volumes/2.14.0/apps/final-Copy-2mod/esp32/build_contexts/build_ctx_779529064/deps/vfs-fs-lfs/littlefs"
mount from "/data/fwbuild-volumes/2.14.0/apps/final-Copy-2mod/esp32/build_contexts/build_ctx_779529064/deps/vfs-fs-lfs/littlefs1" to "/data/fwbuild-volumes/2.14.0/apps/final-Copy-2mod/esp32/build_contexts/build_ctx_779529064/deps/vfs-fs-lfs/littlefs1"
mount from "/data/fwbuild-volumes/2.14.0/apps/final-Copy-2mod/esp32/build_contexts/build_ctx_779529064/deps/vfs-fs-spiffs/include" to "/data/fwbuild-volumes/2.14.0/apps/final-Copy-2mod/esp32/build_contexts/build_ctx_779529064/deps/vfs-fs-spiffs/include"
mount from "/data/fwbuild-volumes/2.14.0/apps/final-Copy-2mod/esp32/build_contexts/build_ctx_779529064/deps/vfs-fs-spiffs/include/spiffs" to "/data/fwbuild-volumes/2.14.0/apps/final-Copy-2mod/esp32/build_contexts/build_ctx_779529064/deps/vfs-fs-spiffs/include/spiffs"
mount from "/data/fwbuild-volumes/2.14.0/apps/final-Copy-2mod/esp32/build_contexts/build_ctx_779529064/deps/vfs-fs-spiffs/include/esp32" to "/data/fwbuild-volumes/2.14.0/apps/final-Copy-2mod/esp32/build_contexts/build_ctx_779529064/deps/vfs-fs-spiffs/include/esp32"
mount from "/data/fwbuild-volumes/2.14.0/apps/final-Copy-2mod/esp32/build_contexts/build_ctx_779529064/deps/core/include" to "/data/fwbuild-volumes/2.14.0/apps/final-Copy-2mod/esp32/build_contexts/build_ctx_779529064/deps/core/include"
mount from "/data/fwbuild-volumes/2.14.0/apps/final-Copy-2mod/esp32/build_contexts/build_ctx_779529064/deps/mjs/include" to "/data/fwbuild-volumes/2.14.0/apps/final-Copy-2mod/esp32/build_contexts/build_ctx_779529064/deps/mjs/include"
mount from "/data/fwbuild-volumes/2.14.0/apps/final-Copy-2mod/esp32/build_contexts/build_ctx_779529064/deps/mqtt/include" to "/data/fwbuild-volumes/2.14.0/apps/final-Copy-2mod/esp32/build_contexts/build_ctx_779529064/deps/mqtt/include"
mount from "/data/fwbuild-volumes/2.14.0/apps/final-Copy-2mod/esp32/build_contexts/build_ctx_779529064/deps/rpc-common/include" to "/data/fwbuild-volumes/2.14.0/apps/final-Copy-2mod/esp32/build_contexts/build_ctx_779529064/deps/rpc-common/include"
mount from "/data/fwbuild-volumes/2.14.0/apps/final-Copy-2mod/esp32/build_contexts/build_ctx_779529064/deps/rpc-service-config/include" to "/data/fwbuild-volumes/2.14.0/apps/final-Copy-2mod/esp32/build_contexts/build_ctx_779529064/deps/rpc-service-config/include"
mount from "/data/fwbuild-volumes/2.14.0/apps/final-Copy-2mod/esp32/build_contexts/build_ctx_779529064/deps/rpc-service-fs/include" to "/data/fwbuild-volumes/2.14.0/apps/final-Copy-2mod/esp32/build_contexts/build_ctx_779529064/deps/rpc-service-fs/include"
mount from "/data/fwbuild-volumes/2.14.0/apps/final-Copy-2mod/esp32/build_contexts/build_ctx_779529064/deps/rpc-uart/include" to "/data/fwbuild-volumes/2.14.0/apps/final-Copy-2mod/esp32/build_contexts/build_ctx_779529064/deps/rpc-uart/include"
mount from "/data/fwbuild-volumes/2.14.0/apps/final-Copy-2mod/esp32/build_contexts/build_ctx_779529064/deps/wifi/include" to "/data/fwbuild-volumes/2.14.0/apps/final-Copy-2mod/esp32/build_contexts/build_ctx_779529064/deps/wifi/include"
mount from "/data/fwbuild-volumes/2.14.0/apps/final-Copy-2mod/esp32/build_contexts/build_ctx_779529064/deps/wifi/include/esp32" to "/data/fwbuild-volumes/2.14.0/apps/final-Copy-2mod/esp32/build_contexts/build_ctx_779529064/deps/wifi/include/esp32"
mount from "/data/fwbuild-volumes/2.14.0/apps/final-Copy-2mod/esp32/build_contexts/build_ctx_779529064/deps/ca-bundle/fs" to "/data/fwbuild-volumes/2.14.0/apps/final-Copy-2mod/esp32/build_contexts/build_ctx_779529064/deps/ca-bundle/fs"
mount from "/data/fwbuild-volumes/2.14.0/apps/final-Copy-2mod/esp32/build_contexts/build_ctx_779529064/deps/mjs/fs" to "/data/fwbuild-volumes/2.14.0/apps/final-Copy-2mod/esp32/build_contexts/build_ctx_779529064/deps/mjs/fs"
mount from "/data/fwbuild-volumes/2.14.0/apps/final-Copy-2mod/esp32/build_contexts/build_ctx_779529064/deps/modules/mjs/mjs/lib" to "/data/fwbuild-volumes/2.14.0/apps/final-Copy-2mod/esp32/build_contexts/build_ctx_779529064/deps/modules/mjs/mjs/lib"
mount from "/data/fwbuild-volumes/2.14.0/apps/final-Copy-2mod/esp32/build_contexts/build_ctx_779529064/deps/i2c/mjs_fs" to "/data/fwbuild-volumes/2.14.0/apps/final-Copy-2mod/esp32/build_contexts/build_ctx_779529064/deps/i2c/mjs_fs"
mount from "/data/fwbuild-volumes/2.14.0/apps/final-Copy-2mod/esp32/build_contexts/build_ctx_779529064/deps/mqtt/mjs_fs" to "/data/fwbuild-volumes/2.14.0/apps/final-Copy-2mod/esp32/build_contexts/build_ctx_779529064/deps/mqtt/mjs_fs"
mount from "/data/fwbuild-volumes/2.14.0/apps/final-Copy-2mod/esp32/build_contexts/build_ctx_779529064/deps/rpc-common/mjs_fs" to "/data/fwbuild-volumes/2.14.0/apps/final-Copy-2mod/esp32/build_contexts/build_ctx_779529064/deps/rpc-common/mjs_fs"
mount from "/data/fwbuild-volumes/2.14.0/apps/final-Copy-2mod/esp32/build_contexts/build_ctx_779529064/deps/wifi/mjs_fs" to "/data/fwbuild-volumes/2.14.0/apps/final-Copy-2mod/esp32/build_contexts/build_ctx_779529064/deps/wifi/mjs_fs"
mount from "/data/fwbuild-volumes/2.14.0/apps/final-Copy-2mod/esp32/build_contexts/build_ctx_779529064/deps/mjs/esp32/fs" to "/data/fwbuild-volumes/2.14.0/apps/final-Copy-2mod/esp32/build_contexts/build_ctx_779529064/deps/mjs/esp32/fs"
mount from "/data/fwbuild-volumes/2.14.0/apps/final-Copy-2mod/esp32/build_contexts/build_ctx_779529064/fs" to "/data/fwbuild-volumes/2.14.0/apps/final-Copy-2mod/esp32/build_contexts/build_ctx_779529064/fs"
mount from "/data/fwbuild-volumes/2.14.0/apps/final-Copy-2mod/esp32/build_contexts/build_ctx_779529064/build/objs" to "/data/fwbuild-volumes/2.14.0/apps/final-Copy-2mod/esp32/build_contexts/build_ctx_779529064/build/objs"
mount from "/data/fwbuild-volumes/2.14.0/apps/final-Copy-2mod/esp32/build_contexts/build_ctx_779529064/build/objs" to "/data/fwbuild-volumes/2.14.0/apps/final-Copy-2mod/esp32/build_contexts/build_ctx_779529064/build/objs"
mount from "/data/fwbuild-volumes/2.14.0/apps/final-Copy-2mod/esp32/build_contexts/build_ctx_779529064/build/gen" to "/data/fwbuild-volumes/2.14.0/apps/final-Copy-2mod/esp32/build_contexts/build_ctx_779529064/build/gen"
Docker arguments: run --name mos_build_2019-07-02T09-37-21-00_5265862446043760947 --rm -i -v /data/fwbuild-volumes/2.14.0/apps/final-Copy-2mod/esp32/build_contexts/build_ctx_779529064/deps/core/include:/data/fwbuild-volumes/2.14.0/apps/final-Copy-2mod/esp32/build_contexts/build_ctx_779529064/deps/core/include -v /data/fwbuild-volumes/2.14.0/apps/final-Copy-2mod/esp32/build_contexts/build_ctx_779529064/deps/rpc-common/include:/data/fwbuild-volumes/2.14.0/apps/final-Copy-2mod/esp32/build_contexts/build_ctx_779529064/deps/rpc-common/include -v /data/fwbuild-volumes/2.14.0/apps/final-Copy-2mod/esp32/build_contexts/build_ctx_779529064/deps/wifi/include/esp32:/data/fwbuild-volumes/2.14.0/apps/final-Copy-2mod/esp32/build_contexts/build_ctx_779529064/deps/wifi/include/esp32 -v /data/fwbuild-volumes/2.14.0/apps/final-Copy-2mod/esp32/build_contexts/build_ctx_779529064/build/objs:/data/fwbuild-volumes/2.14.0/apps/final-Copy-2mod/esp32/build_contexts/build_ctx_779529064/build/objs -v /data/fwbuild-volumes/2.14.0/apps/final-Copy-2mod/esp32/build_contexts/build_ctx_779529064/deps/freertos/src:/data/fwbuild-volumes/2.14.0/apps/final-Copy-2mod/esp32/build_contexts/build_ctx_779529064/deps/freertos/src -v /data/fwbuild-volumes/2.14.0/apps/final-Copy-2mod/esp32/build_contexts/build_ctx_779529064/deps/mqtt/src:/data/fwbuild-volumes/2.14.0/apps/final-Copy-2mod/esp32/build_contexts/build_ctx_779529064/deps/mqtt/src -v /data/fwbuild-volumes/2.14.0/apps/final-Copy-2mod/esp32/build_contexts/build_ctx_779529064/deps/vfs-common/include:/data/fwbuild-volumes/2.14.0/apps/final-Copy-2mod/esp32/build_contexts/build_ctx_779529064/deps/vfs-common/include -v /data/fwbuild-volumes/2.14.0/apps/final-Copy-2mod/esp32/build_contexts/build_ctx_779529064/deps/wifi/mjs_fs:/data/fwbuild-volumes/2.14.0/apps/final-Copy-2mod/esp32/build_contexts/build_ctx_779529064/deps/wifi/mjs_fs -v /data/fwbuild-volumes/2.14.0/apps/final-Copy-2mod/esp32/build_contexts/build_ctx_779529064/deps/modules/mongoose-os:/mongoose-os -v /data/fwbuild-volumes/2.14.0/apps/final-Copy-2mod/esp32/build_contexts/build_ctx_779529064/deps/vfs-common/src:/data/fwbuild-volumes/2.14.0/apps/final-Copy-2mod/esp32/build_contexts/build_ctx_779529064/deps/vfs-common/src -v /data/fwbuild-volumes/2.14.0/apps/final-Copy-2mod/esp32/build_contexts/build_ctx_779529064/deps/mjs/fs:/data/fwbuild-volumes/2.14.0/apps/final-Copy-2mod/esp32/build_contexts/build_ctx_779529064/deps/mjs/fs -v /data/fwbuild-volumes/2.14.0/apps/final-Copy-2mod/esp32/build_contexts/build_ctx_779529064/deps/mqtt/mjs_fs:/data/fwbuild-volumes/2.14.0/apps/final-Copy-2mod/esp32/build_contexts/build_ctx_779529064/deps/mqtt/mjs_fs -v /data/fwbuild-volumes/2.14.0/apps/final-Copy-2mod/esp32/build_contexts/build_ctx_779529064/deps/rpc-service-config/src:/data/fwbuild-volumes/2.14.0/apps/final-Copy-2mod/esp32/build_contexts/build_ctx_779529064/deps/rpc-service-config/src -v /data/fwbuild-volumes/2.14.0/apps/final-Copy-2mod/esp32/build_contexts/build_ctx_779529064/deps/mbedtls/include/esp32:/data/fwbuild-volumes/2.14.0/apps/final-Copy-2mod/esp32/build_contexts/build_ctx_779529064/deps/mbedtls/include/esp32 -v /data/fwbuild-volumes/2.14.0/apps/final-Copy-2mod/esp32/build_contexts/build_ctx_779529064/deps/rpc-service-fs/include:/data/fwbuild-volumes/2.14.0/apps/final-Copy-2mod/esp32/build_contexts/build_ctx_779529064/deps/rpc-service-fs/include -v /data/fwbuild-volumes/2.14.0/apps/final-Copy-2mod/esp32/build_contexts/build_ctx_779529064/deps/wifi/include:/data/fwbuild-volumes/2.14.0/apps/final-Copy-2mod/esp32/build_contexts/build_ctx_779529064/deps/wifi/include -v /data/fwbuild-volumes/2.14.0/apps/final-Copy-2mod/esp32/build_contexts/build_ctx_779529064/src:/data/fwbuild-volumes/2.14.0/apps/final-Copy-2mod/esp32/build_contexts/build_ctx_779529064/src -v /data/fwbuild-volumes/2.14.0/apps/final-Copy-2mod/esp32/build_contexts/build_ctx_779529064/deps/vfs-fs-lfs/littlefs:/data/fwbuild-volumes/2.14.0/apps/final-Copy-2mod/esp32/build_contexts/build_ctx_779529064/deps/vfs-fs-lfs/littlefs -v /data/fwbuild-volumes/2.14.0/apps/final-Copy-2mod/esp32/build_contexts/build_ctx_779529064/deps/vfs-fs-lfs/littlefs1:/data/fwbuild-volumes/2.14.0/apps/final-Copy-2mod/esp32/build_contexts/build_ctx_779529064/deps/vfs-fs-lfs/littlefs1 -v /data/fwbuild-volumes/2.14.0/apps/final-Copy-2mod/esp32/build_contexts/build_ctx_779529064/deps/rpc-service-config/include:/data/fwbuild-volumes/2.14.0/apps/final-Copy-2mod/esp32/build_contexts/build_ctx_779529064/deps/rpc-service-config/include -v /data/fwbuild-volumes/2.14.0/apps/final-Copy-2mod/esp32/build_contexts/build_ctx_779529064/deps/rpc-common/mjs_fs:/data/fwbuild-volumes/2.14.0/apps/final-Copy-2mod/esp32/build_contexts/build_ctx_779529064/deps/rpc-common/mjs_fs -v /data/fwbuild-volumes/2.14.0/apps/final-Copy-2mod/esp32/build_contexts/build_ctx_779529064/deps/i2c/src/esp32:/data/fwbuild-volumes/2.14.0/apps/final-Copy-2mod/esp32/build_contexts/build_ctx_779529064/deps/i2c/src/esp32 -v /data/fwbuild-volumes/2.14.0/apps/final-Copy-2mod/esp32/build_contexts/build_ctx_779529064/deps/atca/cryptoauthlib/lib/host:/data/fwbuild-volumes/2.14.0/apps/final-Copy-2mod/esp32/build_contexts/build_ctx_779529064/deps/atca/cryptoauthlib/lib/host -v /data/fwbuild-volumes/2.14.0/apps/final-Copy-2mod/esp32/build_contexts/build_ctx_779529064/deps/wifi/src/esp32:/data/fwbuild-volumes/2.14.0/apps/final-Copy-2mod/esp32/build_contexts/build_ctx_779529064/deps/wifi/src/esp32 -v /data/fwbuild-volumes/2.14.0/apps/final-Copy-2mod/esp32/build_contexts/build_ctx_779529064/deps/mongoose/include:/data/fwbuild-volumes/2.14.0/apps/final-Copy-2mod/esp32/build_contexts/build_ctx_779529064/deps/mongoose/include -v /data/fwbuild-volumes/2.14.0/apps/final-Copy-2mod/esp32/build_contexts/build_ctx_779529064/deps/rpc-service-fs/src:/data/fwbuild-volumes/2.14.0/apps/final-Copy-2mod/esp32/build_contexts/build_ctx_779529064/deps/rpc-service-fs/src -v /data/fwbuild-volumes/2.14.0/apps/final-Copy-2mod/esp32/build_contexts/build_ctx_779529064/deps/mbedtls/include:/data/fwbuild-volumes/2.14.0/apps/final-Copy-2mod/esp32/build_contexts/build_ctx_779529064/deps/mbedtls/include -v /data/fwbuild-volumes/2.14.0/apps/final-Copy-2mod/esp32/build_contexts/build_ctx_779529064/fs:/data/fwbuild-volumes/2.14.0/apps/final-Copy-2mod/esp32/build_contexts/build_ctx_779529064/fs -v /data/fwbuild-volumes/2.14.0/apps/final-Copy-2mod/esp32/build_contexts/build_ctx_779529064:/app -v /data/fwbuild-volumes/2.14.0/apps/final-Copy-2mod/esp32/build_contexts/build_ctx_779529064/deps/vfs-fs-lfs/src:/data/fwbuild-volumes/2.14.0/apps/final-Copy-2mod/esp32/build_contexts/build_ctx_779529064/deps/vfs-fs-lfs/src -v /data/fwbuild-volumes/2.14.0/apps/final-Copy-2mod/esp32/build_contexts/build_ctx_779529064/deps/core/src:/data/fwbuild-volumes/2.14.0/apps/final-Copy-2mod/esp32/build_contexts/build_ctx_779529064/deps/core/src -v /data/fwbuild-volumes/2.14.0/apps/final-Copy-2mod/esp32/build_contexts/build_ctx_779529064/deps/rpc-uart/include:/data/fwbuild-volumes/2.14.0/apps/final-Copy-2mod/esp32/build_contexts/build_ctx_779529064/deps/rpc-uart/include -v /data/fwbuild-volumes/2.14.0/apps/final-Copy-2mod/esp32/build_contexts/build_ctx_779529064/deps/atca/src:/data/fwbuild-volumes/2.14.0/apps/final-Copy-2mod/esp32/build_contexts/build_ctx_779529064/deps/atca/src -v /data/fwbuild-volumes/2.14.0/apps/final-Copy-2mod/esp32/build_contexts/build_ctx_779529064/deps/atca/cryptoauthlib/lib/hal:/data/fwbuild-volumes/2.14.0/apps/final-Copy-2mod/esp32/build_contexts/build_ctx_779529064/deps/atca/cryptoauthlib/lib/hal -v /data/fwbuild-volumes/2.14.0/apps/final-Copy-2mod/esp32/build_contexts/build_ctx_779529064/deps/modules/mjs:/data/fwbuild-volumes/2.14.0/apps/final-Copy-2mod/esp32/build_contexts/build_ctx_779529064/deps/modules/mjs -v /data/fwbuild-volumes/2.14.0/apps/final-Copy-2mod/esp32/build_contexts/build_ctx_779529064/deps/wifi/src:/data/fwbuild-volumes/2.14.0/apps/final-Copy-2mod/esp32/build_contexts/build_ctx_779529064/deps/wifi/src -v /data/fwbuild-volumes/2.14.0/apps/final-Copy-2mod/esp32/build_contexts/build_ctx_779529064/deps/vfs-fs-spiffs/include:/data/fwbuild-volumes/2.14.0/apps/final-Copy-2mod/esp32/build_contexts/build_ctx_779529064/deps/vfs-fs-spiffs/include -v /data/fwbuild-volumes/2.14.0/apps/final-Copy-2mod/esp32/build_contexts/build_ctx_779529064/deps/mqtt/include:/data/fwbuild-volumes/2.14.0/apps/final-Copy-2mod/esp32/build_contexts/build_ctx_779529064/deps/mqtt/include -v /data/fwbuild-volumes/2.14.0/apps/final-Copy-2mod/esp32/build_contexts/build_ctx_779529064/deps/mjs/esp32/fs:/data/fwbuild-volumes/2.14.0/apps/final-Copy-2mod/esp32/build_contexts/build_ctx_779529064/deps/mjs/esp32/fs -v /data/fwbuild-volumes/2.14.0/apps/final-Copy-2mod/esp32/build_contexts/build_ctx_779529064/deps/modules/mongoose-os:/data/fwbuild-volumes/2.14.0/apps/final-Copy-2mod/esp32/build_contexts/build_ctx_779529064/deps/modules/mongoose-os -v /data/fwbuild-volumes/2.14.0/apps/final-Copy-2mod/esp32/build_contexts/build_ctx_779529064/deps/atca/cryptoauthlib/lib:/data/fwbuild-volumes/2.14.0/apps/final-Copy-2mod/esp32/build_contexts/build_ctx_779529064/deps/atca/cryptoauthlib/lib -v /data/fwbuild-volumes/2.14.0/apps/final-Copy-2mod/esp32/build_contexts/build_ctx_779529064/deps/vfs-fs-spiffs/src:/data/fwbuild-volumes/2.14.0/apps/final-Copy-2mod/esp32/build_contexts/build_ctx_779529064/deps/vfs-fs-spiffs/src -v /data/fwbuild-volumes/2.14.0/apps/final-Copy-2mod/esp32/build_contexts/build_ctx_779529064/deps/freertos/include:/data/fwbuild-volumes/2.14.0/apps/final-Copy-2mod/esp32/build_contexts/build_ctx_779529064/deps/freertos/include -v /data/fwbuild-volumes/2.14.0/apps/final-Copy-2mod/esp32/build_contexts/build_ctx_779529064/deps/mbedtls/mbedtls/include:/data/fwbuild-volumes/2.14.0/apps/final-Copy-2mod/esp32/build_contexts/build_ctx_779529064/deps/mbedtls/mbedtls/include -v /data/fwbuild-volumes/2.14.0/apps/final-Copy-2mod/esp32/build_contexts/build_ctx_779529064/deps/modules/mjs/mjs/lib:/data/fwbuild-volumes/2.14.0/apps/final-Copy-2mod/esp32/build_contexts/build_ctx_779529064/deps/modules/mjs/mjs/lib -v /data/fwbuild-volumes/2.14.0/apps/final-Copy-2mod/esp32/build_contexts/build_ctx_779529064/build:/data/fwbuild-volumes/2.14.0/apps/final-Copy-2mod/esp32/build_contexts/build_ctx_779529064/build -v /data/fwbuild-volumes/2.14.0/apps/final-Copy-2mod/esp32/build_contexts/build_ctx_779529064/deps/rpc-uart/src:/data/fwbuild-volumes/2.14.0/apps/final-Copy-2mod/esp32/build_contexts/build_ctx_779529064/deps/rpc-uart/src -v /data/fwbuild-volumes/2.14.0/apps/final-Copy-2mod/esp32/build_contexts/build_ctx_779529064/deps/vfs-fs-spiffs/include/spiffs:/data/fwbuild-volumes/2.14.0/apps/final-Copy-2mod/esp32/build_contexts/build_ctx_779529064/deps/vfs-fs-spiffs/include/spiffs -v /data/fwbuild-volumes/2.14.0/apps/final-Copy-2mod/esp32/build_contexts/build_ctx_779529064/deps/vfs-fs-spiffs/include/esp32:/data/fwbuild-volumes/2.14.0/apps/final-Copy-2mod/esp32/build_contexts/build_ctx_779529064/deps/vfs-fs-spiffs/include/esp32 -v /data/fwbuild-volumes/2.14.0/apps/final-Copy-2mod/esp32/build_contexts/build_ctx_779529064/deps/i2c/mjs_fs:/data/fwbuild-volumes/2.14.0/apps/final-Copy-2mod/esp32/build_contexts/build_ctx_779529064/deps/i2c/mjs_fs -v /data/fwbuild-volumes/2.14.0/apps/final-Copy-2mod/esp32/build_contexts/build_ctx_779529064/deps/atca/cryptoauthlib/lib/crypto:/data/fwbuild-volumes/2.14.0/apps/final-Copy-2mod/esp32/build_contexts/build_ctx_779529064/deps/atca/cryptoauthlib/lib/crypto -v /data/fwbuild-volumes/2.14.0/apps/final-Copy-2mod/esp32/build_contexts/build_ctx_779529064/deps/i2c/include:/data/fwbuild-volumes/2.14.0/apps/final-Copy-2mod/esp32/build_contexts/build_ctx_779529064/deps/i2c/include -v /data/fwbuild-volumes/2.14.0/apps/final-Copy-2mod/esp32/build_contexts/build_ctx_779529064/deps/vfs-common/include/esp32:/data/fwbuild-volumes/2.14.0/apps/final-Copy-2mod/esp32/build_contexts/build_ctx_779529064/deps/vfs-common/include/esp32 -v /data/fwbuild-volumes/2.14.0/apps/final-Copy-2mod/esp32/build_contexts/build_ctx_779529064/deps/vfs-fs-spiffs/src/spiffs:/data/fwbuild-volumes/2.14.0/apps/final-Copy-2mod/esp32/build_contexts/build_ctx_779529064/deps/vfs-fs-spiffs/src/spiffs -v /data/fwbuild-volumes/2.14.0/apps/final-Copy-2mod/esp32/build_contexts/build_ctx_779529064/deps/mjs/src:/data/fwbuild-volumes/2.14.0/apps/final-Copy-2mod/esp32/build_contexts/build_ctx_779529064/deps/mjs/src -v /data/fwbuild-volumes/2.14.0/apps/final-Copy-2mod/esp32/build_contexts/build_ctx_779529064/deps/rpc-common/src:/data/fwbuild-volumes/2.14.0/apps/final-Copy-2mod/esp32/build_contexts/build_ctx_779529064/deps/rpc-common/src -v /data/fwbuild-volumes/2.14.0/apps/final-Copy-2mod/esp32/build_contexts/build_ctx_779529064/deps/atca/include:/data/fwbuild-volumes/2.14.0/apps/final-Copy-2mod/esp32/build_contexts/build_ctx_779529064/deps/atca/include -v /data/fwbuild-volumes/2.14.0/apps/final-Copy-2mod/esp32/build_contexts/build_ctx_779529064/deps/vfs-fs-lfs/include:/data/fwbuild-volumes/2.14.0/apps/final-Copy-2mod/esp32/build_contexts/build_ctx_779529064/deps/vfs-fs-lfs/include -v /data/fwbuild-volumes/2.14.0/apps/final-Copy-2mod/esp32/build_contexts/build_ctx_779529064/build/gen:/data/fwbuild-volumes/2.14.0/apps/final-Copy-2mod/esp32/build_contexts/build_ctx_779529064/build/gen -v /data/fwbuild-volumes/2.14.0/apps/final-Copy-2mod/esp32/build_contexts/build_ctx_779529064/deps/i2c/src:/data/fwbuild-volumes/2.14.0/apps/final-Copy-2mod/esp32/build_contexts/build_ctx_779529064/deps/i2c/src -v /data/fwbuild-volumes/2.14.0/apps/final-Copy-2mod/esp32/build_contexts/build_ctx_779529064/deps/atca/cryptoauthlib/lib/basic:/data/fwbuild-volumes/2.14.0/apps/final-Copy-2mod/esp32/build_contexts/build_ctx_779529064/deps/atca/cryptoauthlib/lib/basic -v /data/fwbuild-volumes/2.14.0/apps/final-Copy-2mod/esp32/build_contexts/build_ctx_779529064/deps/vfs-common/src/esp32:/data/fwbuild-volumes/2.14.0/apps/final-Copy-2mod/esp32/build_contexts/build_ctx_779529064/deps/vfs-common/src/esp32 -v /data/fwbuild-volumes/2.14.0/apps/final-Copy-2mod/esp32/build_contexts/build_ctx_779529064/deps/mjs/esp32/src:/data/fwbuild-volumes/2.14.0/apps/final-Copy-2mod/esp32/build_contexts/build_ctx_779529064/deps/mjs/esp32/src -v /data/fwbuild-volumes/2.14.0/apps/final-Copy-2mod/esp32/build_contexts/build_ctx_779529064/deps/mjs/include:/data/fwbuild-volumes/2.14.0/apps/final-Copy-2mod/esp32/build_contexts/build_ctx_779529064/deps/mjs/include -v /data/fwbuild-volumes/2.14.0/apps/final-Copy-2mod/esp32/build_contexts/build_ctx_779529064/deps/ca-bundle/fs:/data/fwbuild-volumes/2.14.0/apps/final-Copy-2mod/esp32/build_contexts/build_ctx_779529064/deps/ca-bundle/fs --user 0:0 docker.io/mgos/esp32-build:3.2-r6 /bin/bash -c nice make '-j' '8' '-C' '/app' '-f' '/data/fwbuild-volumes/2.14.0/apps/final-Copy-2mod/esp32/build_contexts/build_ctx_779529064/deps/modules/mongoose-os/platforms/esp32/Makefile.build' 'all' 'MGOS_VARS_FILE=/data/fwbuild-volumes/2.14.0/apps/final-Copy-2mod/esp32/build_contexts/build_ctx_779529064/build/gen/vars.mk'
make: Entering directory '/app'
Toolchain path: /opt/Espressif/xtensa-esp32-elf/bin/xtensa-esp32-elf-gcc
Toolchain version: crosstool-ng-1.22.0-80-g6c4433a
Compiler version: 5.2.0
/data/fwbuild-volumes/2.14.0/apps/final-Copy-2mod/esp32/build_contexts/build_ctx_779529064/deps/modules/mongoose-os/platforms/esp32/Makefile.build:186: warning: overriding recipe for target 'defconfig'
/opt/Espressif/esp-idf/make/project_config.mk:76: warning: ignoring old recipe for target 'defconfig'
/data/fwbuild-volumes/2.14.0/apps/final-Copy-2mod/esp32/build_contexts/build_ctx_779529064/deps/modules/mongoose-os/platforms/esp32/Makefile.build:186: warning: overriding recipe for target 'menuconfig'
/opt/Espressif/esp-idf/make/project_config.mk:63: warning: ignoring old recipe for target 'menuconfig'
/data/fwbuild-volumes/2.14.0/apps/final-Copy-2mod/esp32/build_contexts/build_ctx_779529064/deps/modules/mongoose-os/platforms/esp32/Makefile.build:228: warning: overriding recipe for target 'clean'
/opt/Espressif/esp-idf/components/app_update/Makefile.projbuild:60: warning: ignoring old recipe for target 'clean'
make[1]: Entering directory '/opt/Espressif/esp-idf/components/bootloader/subproject'
make[1]: Leaving directory '/opt/Espressif/esp-idf/components/bootloader/subproject'
make[1]: Entering directory '/data/fwbuild-volumes/2.14.0/apps/final-Copy-2mod/esp32/build_contexts/build_ctx_779529064/build/objs/mosapp'
  GEN   /data/fwbuild-volumes/2.14.0/apps/final-Copy-2mod/esp32/build_contexts/build_ctx_779529064/build/gen/ffi_exports.c
Python requirements from /opt/Espressif/esp-idf/requirements.txt are satisfied.
CC /data/fwbuild-volumes/2.14.0/apps/final-Copy-2mod/esp32/build_contexts/build_ctx_779529064/build/objs/ffi_exports.o
AR /data/fwbuild-volumes/2.14.0/apps/final-Copy-2mod/esp32/build_contexts/build_ctx_779529064/build/objs/mosapp/libmosapp.a
make[1]: Leaving directory '/data/fwbuild-volumes/2.14.0/apps/final-Copy-2mod/esp32/build_contexts/build_ctx_779529064/build/objs/mosapp'
LD /data/fwbuild-volumes/2.14.0/apps/final-Copy-2mod/esp32/build_contexts/build_ctx_779529064/build/objs/final-Copy-2mod.elf
esptool.py v2.6
    App size: 976528 of 1572864 (62%)
  CP    /data/fwbuild-volumes/2.14.0/apps/final-Copy-2mod/esp32/build_contexts/build_ctx_779529064/deps/ca-bundle/fs/ca.pem -> /data/fwbuild-volumes/2.14.0/apps/final-Copy-2mod/esp32/build_contexts/build_ctx_779529064/build/objs/fs
  CP    /data/fwbuild-volumes/2.14.0/apps/final-Copy-2mod/esp32/build_contexts/build_ctx_779529064/deps/mjs/fs/api_bitbang.js -> /data/fwbuild-volumes/2.14.0/apps/final-Copy-2mod/esp32/build_contexts/build_ctx_779529064/build/objs/fs
  CP    /data/fwbuild-volumes/2.14.0/apps/final-Copy-2mod/esp32/build_contexts/build_ctx_779529064/deps/mjs/fs/api_config.js -> /data/fwbuild-volumes/2.14.0/apps/final-Copy-2mod/esp32/build_contexts/build_ctx_779529064/build/objs/fs
  CP    /data/fwbuild-volumes/2.14.0/apps/final-Copy-2mod/esp32/build_contexts/build_ctx_779529064/deps/mjs/fs/api_events.js -> /data/fwbuild-volumes/2.14.0/apps/final-Copy-2mod/esp32/build_contexts/build_ctx_779529064/build/objs/fs
  CP    /data/fwbuild-volumes/2.14.0/apps/final-Copy-2mod/esp32/build_contexts/build_ctx_779529064/deps/mjs/fs/api_gpio.js -> /data/fwbuild-volumes/2.14.0/apps/final-Copy-2mod/esp32/build_contexts/build_ctx_779529064/build/objs/fs
  CP    /data/fwbuild-volumes/2.14.0/apps/final-Copy-2mod/esp32/build_contexts/build_ctx_779529064/deps/mjs/fs/api_http.js -> /data/fwbuild-volumes/2.14.0/apps/final-Copy-2mod/esp32/build_contexts/build_ctx_779529064/build/objs/fs
  CP    /data/fwbuild-volumes/2.14.0/apps/final-Copy-2mod/esp32/build_contexts/build_ctx_779529064/deps/mjs/fs/api_log.js -> /data/fwbuild-volumes/2.14.0/apps/final-Copy-2mod/esp32/build_contexts/build_ctx_779529064/build/objs/fs
  CP    /data/fwbuild-volumes/2.14.0/apps/final-Copy-2mod/esp32/build_contexts/build_ctx_779529064/deps/mjs/fs/api_net.js -> /data/fwbuild-volumes/2.14.0/apps/final-Copy-2mod/esp32/build_contexts/build_ctx_779529064/build/objs/fs
  CP    /data/fwbuild-volumes/2.14.0/apps/final-Copy-2mod/esp32/build_contexts/build_ctx_779529064/deps/mjs/fs/api_sys.js -> /data/fwbuild-volumes/2.14.0/apps/final-Copy-2mod/esp32/build_contexts/build_ctx_779529064/build/objs/fs
  CP    /data/fwbuild-volumes/2.14.0/apps/final-Copy-2mod/esp32/build_contexts/build_ctx_779529064/deps/mjs/fs/api_timer.js -> /data/fwbuild-volumes/2.14.0/apps/final-Copy-2mod/esp32/build_contexts/build_ctx_779529064/build/objs/fs
  CP    /data/fwbuild-volumes/2.14.0/apps/final-Copy-2mod/esp32/build_contexts/build_ctx_779529064/deps/mjs/fs/api_uart.js -> /data/fwbuild-volumes/2.14.0/apps/final-Copy-2mod/esp32/build_contexts/build_ctx_779529064/build/objs/fs
  CP    /data/fwbuild-volumes/2.14.0/apps/final-Copy-2mod/esp32/build_contexts/build_ctx_779529064/deps/mjs/fs/init.js -> /data/fwbuild-volumes/2.14.0/apps/final-Copy-2mod/esp32/build_contexts/build_ctx_779529064/build/objs/fs
  CP    /data/fwbuild-volumes/2.14.0/apps/final-Copy-2mod/esp32/build_contexts/build_ctx_779529064/deps/modules/mjs/mjs/lib/api_dataview.js -> /data/fwbuild-volumes/2.14.0/apps/final-Copy-2mod/esp32/build_contexts/build_ctx_779529064/build/objs/fs
  CP    /data/fwbuild-volumes/2.14.0/apps/final-Copy-2mod/esp32/build_contexts/build_ctx_779529064/deps/modules/mjs/mjs/lib/api_file.js -> /data/fwbuild-volumes/2.14.0/apps/final-Copy-2mod/esp32/build_contexts/build_ctx_779529064/build/objs/fs
  CP    /data/fwbuild-volumes/2.14.0/apps/final-Copy-2mod/esp32/build_contexts/build_ctx_779529064/deps/modules/mjs/mjs/lib/api_math.js -> /data/fwbuild-volumes/2.14.0/apps/final-Copy-2mod/esp32/build_contexts/build_ctx_779529064/build/objs/fs
  CP    /data/fwbuild-volumes/2.14.0/apps/final-Copy-2mod/esp32/build_contexts/build_ctx_779529064/deps/i2c/mjs_fs/api_i2c.js -> /data/fwbuild-volumes/2.14.0/apps/final-Copy-2mod/esp32/build_contexts/build_ctx_779529064/build/objs/fs
  CP    /data/fwbuild-volumes/2.14.0/apps/final-Copy-2mod/esp32/build_contexts/build_ctx_779529064/deps/mqtt/mjs_fs/api_mqtt.js -> /data/fwbuild-volumes/2.14.0/apps/final-Copy-2mod/esp32/build_contexts/build_ctx_779529064/build/objs/fs
  CP    /data/fwbuild-volumes/2.14.0/apps/final-Copy-2mod/esp32/build_contexts/build_ctx_779529064/deps/rpc-common/mjs_fs/api_rpc.js -> /data/fwbuild-volumes/2.14.0/apps/final-Copy-2mod/esp32/build_contexts/build_ctx_779529064/build/objs/fs
  CP    /data/fwbuild-volumes/2.14.0/apps/final-Copy-2mod/esp32/build_contexts/build_ctx_779529064/deps/wifi/mjs_fs/api_wifi.js -> /data/fwbuild-volumes/2.14.0/apps/final-Copy-2mod/esp32/build_contexts/build_ctx_779529064/build/objs/fs
  CP    /data/fwbuild-volumes/2.14.0/apps/final-Copy-2mod/esp32/build_contexts/build_ctx_779529064/deps/mjs/esp32/fs/api_arch_uart.js -> /data/fwbuild-volumes/2.14.0/apps/final-Copy-2mod/esp32/build_contexts/build_ctx_779529064/build/objs/fs
  CP    /data/fwbuild-volumes/2.14.0/apps/final-Copy-2mod/esp32/build_contexts/build_ctx_779529064/deps/mjs/esp32/fs/api_esp32.js -> /data/fwbuild-volumes/2.14.0/apps/final-Copy-2mod/esp32/build_contexts/build_ctx_779529064/build/objs/fs
  CP    /data/fwbuild-volumes/2.14.0/apps/final-Copy-2mod/esp32/build_contexts/build_ctx_779529064/fs/index.html -> /data/fwbuild-volumes/2.14.0/apps/final-Copy-2mod/esp32/build_contexts/build_ctx_779529064/build/objs/fs
  CP    /data/fwbuild-volumes/2.14.0/apps/final-Copy-2mod/esp32/build_contexts/build_ctx_779529064/fs/init.js -> /data/fwbuild-volumes/2.14.0/apps/final-Copy-2mod/esp32/build_contexts/build_ctx_779529064/build/objs/fs
  CP    /data/fwbuild-volumes/2.14.0/apps/final-Copy-2mod/esp32/build_contexts/build_ctx_779529064/build/gen/conf0.json -> /data/fwbuild-volumes/2.14.0/apps/final-Copy-2mod/esp32/build_contexts/build_ctx_779529064/build/objs/fs
  MKFS  /usr/local/bin/mkspiffs8 262144 {bs: 4096, ps: 256, es: 4096} /data/fwbuild-volumes/2.14.0/apps/final-Copy-2mod/esp32/build_contexts/build_ctx_779529064/build/objs/fs -> /data/fwbuild-volumes/2.14.0/apps/final-Copy-2mod/esp32/build_contexts/build_ctx_779529064/build/objs/fw_temp/fs.img
     FS params: size=262144, bs=4096, ps=256, es=4096
       Adding init.js: 5035
       Adding api_net.js: 5122
       Adding api_i2c.js: 4880
       Adding api_wifi.js: 1020
       Adding api_http.js: 3812
       Adding api_events.js: 3857
       Adding api_config.js: 2170
       Adding api_mqtt.js: 2927
       Adding api_rpc.js: 2792
       Adding api_file.js: 2105
       Adding api_math.js: 1890
       Adding api_gpio.js: 3571
       Adding api_timer.js: 1750
       Adding api_uart.js: 5772
       Adding api_esp32.js: 460
       Adding api_bitbang.js: 815
       Adding api_arch_uart.js: 1206
       Adding index.html: 75
       Adding api_sys.js: 1652
       Adding api_log.js: 2005
       Adding ca.pem: 25586
       Adding api_dataview.js: 7433
       Adding conf0.json: 3
     FS stats : space total=233681, used=94878, free=138803
  GEN    /data/fwbuild-volumes/2.14.0/apps/final-Copy-2mod/esp32/build_contexts/build_ctx_779529064/build/objs/fw_temp/manifest.json
  ZIP    /data/fwbuild-volumes/2.14.0/apps/final-Copy-2mod/esp32/build_contexts/build_ctx_779529064/build/fw/final-Copy-2mod-esp32-last.zip
     Adding /data/fwbuild-volumes/2.14.0/apps/final-Copy-2mod/esp32/build_contexts/build_ctx_779529064/build/objs/fw_temp/bootloader.bin
     Adding /data/fwbuild-volumes/2.14.0/apps/final-Copy-2mod/esp32/build_contexts/build_ctx_779529064/build/objs/fw_temp/final-Copy-2mod.bin
     Adding /data/fwbuild-volumes/2.14.0/apps/final-Copy-2mod/esp32/build_contexts/build_ctx_779529064/build/objs/fw_temp/fs.img
     Adding /data/fwbuild-volumes/2.14.0/apps/final-Copy-2mod/esp32/build_contexts/build_ctx_779529064/build/objs/fw_temp/otadata.bin
     Adding /data/fwbuild-volumes/2.14.0/apps/final-Copy-2mod/esp32/build_contexts/build_ctx_779529064/build/objs/fw_temp/partitions_mgos.bin
  Built final-Copy-2mod/esp32 version 1.0 (20190702-075715)
To flash all build output, run 'make flash' or:
python /opt/Espressif/esp-idf/components/esptool_py/esptool/esptool.py --chip esp32 --port /dev/ttyUSB0 --baud 1500000 --before default_reset --after hard_reset write_flash -z --flash_mode qio --flash_freq 40m --flash_size detect 0xd000 /data/fwbuild-volumes/2.14.0/apps/final-Copy-2mod/esp32/build_contexts/build_ctx_779529064/build/objs/ota_data_initial.bin 0x1000 /data/fwbuild-volumes/2.14.0/apps/final-Copy-2mod/esp32/build_contexts/build_ctx_779529064/build/objs/bootloader/bootloader.bin 0x10000 /data/fwbuild-volumes/2.14.0/apps/final-Copy-2mod/esp32/build_contexts/build_ctx_779529064/build/objs/final-Copy-2mod.bin 0x8000 /data/fwbuild-volumes/2.14.0/apps/final-Copy-2mod/esp32/build_contexts/build_ctx_779529064/build/objs/partitions_mgos.bin
make: Leaving directory '/app'
Success, built final-Copy-2mod/esp32 version 1.0 (20190702-075715).
Firmware saved to /data/fwbuild-volumes/2.14.0/apps/final-Copy-2mod/esp32/build_contexts/build_ctx_779529064/build/fw.zip
